{"timestamp":1622111516191,"level":"info","context":{"name":""},"message":"Reading config file:","args":["/home/ubuntu/tipplyDaemon/Tipply-Jumpnet-Daemon/config.json"]}
{"timestamp":1622111516192,"level":"info","context":{"name":""},"message":"Reading backup config file:","args":["/home/ubuntu/tipplyDaemon/Tipply-Jumpnet-Daemon/example-config.json"]}
{"timestamp":1622111516193,"level":"trace","context":{"name":"storage"},"message":"created","args":[]}
{"timestamp":1622111516193,"level":"trace","context":{"name":"wallet"},"message":"created","args":[]}
{"timestamp":1622111516193,"level":"trace","context":{"name":"enjinx"},"message":"created","args":[]}
{"timestamp":1622111516193,"level":"trace","context":{"name":"storage"},"message":"init","args":[]}
{"timestamp":1622111519406,"level":"info","context":{"name":""},"message":"Enjin Wallet Daemon","args":["1.1.3-beta"]}
{"timestamp":1622111519406,"level":"trace","context":{"name":"storage"},"message":"create","args":[]}
{"timestamp":1622111519406,"level":"trace","context":{"name":"storage"},"message":"storagePath","args":[]}
{"timestamp":1622111519407,"level":"trace","context":{"name":"storage"},"message":"load","args":[]}
{"timestamp":1622111519407,"level":"trace","context":{"name":"storage"},"message":"storagePath","args":[]}
{"timestamp":1622111519407,"level":"trace","context":{"name":"storage"},"message":"readEncrypted_v3","args":[]}
{"timestamp":1622111519407,"level":"trace","context":{"name":"storage"},"message":"decrypt","args":[]}
{"timestamp":1622111519408,"level":"trace","context":{"name":"wallet"},"message":"load","args":[]}
{"timestamp":1622111519538,"level":"info","context":{"name":"account","opt":{"address":"0x5C9e3820Bd24C95b2E48F694475dBce2C59175E0"}},"message":"created","args":[]}
{"timestamp":1622111519540,"level":"trace","context":{"name":"account","opt":{"address":"0x5C9e3820Bd24C95b2E48F694475dBce2C59175E0"}},"message":"init","args":[]}
{"timestamp":1622111519540,"level":"debug","context":{"name":"enjinx"},"message":"Querying EnjinX for Nonce","args":[]}
{"timestamp":1622111519762,"level":"debug","context":{"name":"enjinx"},"message":"Nonce %s","args":[45]}
{"timestamp":1622111519762,"level":"info","context":{"name":"account","opt":{"address":"0x5C9e3820Bd24C95b2E48F694475dBce2C59175E0"}},"message":"nonce %s","args":[45]}
{"timestamp":1622111519762,"level":"trace","context":{"name":"tp","opt":{"id":-1}},"message":"created","args":[]}
{"timestamp":1622111519763,"level":"trace","context":{"name":"tp","opt":{"id":-1}},"message":"load","args":[]}
{"timestamp":1622111519763,"level":"trace","context":{"name":"identity","opt":{"id":-1,"appId":-1}},"message":"created","args":[]}
{"timestamp":1622111519763,"level":"trace","context":{"name":"identity","opt":{"id":63,"appId":63}},"message":"updated","args":[]}
{"timestamp":1622111519763,"level":"trace","context":{"name":"storage"},"message":"save","args":[]}
{"timestamp":1622111519763,"level":"trace","context":{"name":"storage"},"message":"storagePath","args":[]}
{"timestamp":1622111519763,"level":"info","context":{"name":"storage"},"message":"Saving storage to:","args":["/home/ubuntu/enjin-wallet-daemon/storage.json"]}
{"timestamp":1622111519767,"level":"debug","context":{"name":"enjinx"},"message":"Querying EnjinX for daemon version information.","args":[]}
{"timestamp":1622111519817,"level":"debug","context":{"name":"enjinx"},"message":"Version information: ","args":[{"current":"1.1.3-beta","latest":"1.1.0-beta","updatable":true,"download":"https://enj.in/daemon"}]}
{"timestamp":1622111519817,"level":"info","context":{"name":"wallet"},"message":"Beginning to sign transactions.","args":[]}
{"timestamp":1622111519817,"level":"trace","context":{"name":"tp","opt":{"id":0}},"message":"signPendingTransactions","args":[]}
{"timestamp":1622111519817,"level":"trace","context":{"name":"tp","opt":{"id":0}},"message":"getPlatformData","args":[]}
{"timestamp":1622111519818,"level":"trace","context":{"name":"tp","opt":{"id":0}},"message":"graphQl","args":[]}
{"timestamp":1622111519818,"level":"trace","context":{"name":"tp","opt":{"id":0}},"message":"graphQlEndpoint","args":[]}
{"timestamp":1622111519818,"level":"trace","context":{"name":"tp","opt":{"id":0}},"message":"url %s","args":["2021-05-27T10:31:59.818Z"]}
{"timestamp":1622111519818,"level":"trace","context":{"name":"tp","opt":{"id":0}},"message":"Last fetch %s","args":["2021-05-27T10:31:46.887Z"]}
{"timestamp":1622111519818,"level":"trace","context":{"name":"tp","opt":{"id":0}},"message":"cooldown fail=%s","args":[0]}
{"timestamp":1622111519818,"level":"trace","context":{"name":"tp","opt":{"id":0}},"message":"cooldown result=%s","args":["01m00.000s"]}
{"timestamp":1622111519818,"level":"trace","context":{"name":"tp","opt":{"id":0}},"message":"Age %s","args":["12.931s"]}
{"timestamp":1622111519818,"level":"trace","context":{"name":"tp","opt":{"id":0}},"message":"URL [cached] %s","args":["https://jumpnet.cloud.enjin.io"]}
{"timestamp":1622111520077,"level":"trace","context":{"name":"identity","opt":{"id":63,"appId":63}},"message":"signPendingTransactions","args":[]}
{"timestamp":1622111520078,"level":"trace","context":{"name":"identity","opt":{"id":63,"appId":63}},"message":"pendingTransactions","args":[]}
{"timestamp":1622111520078,"level":"trace","context":{"name":"tp","opt":{"id":0}},"message":"getPendingTransactions","args":[]}
{"timestamp":1622111520078,"level":"trace","context":{"name":"tp","opt":{"id":0}},"message":"graphQl","args":[]}
{"timestamp":1622111520078,"level":"trace","context":{"name":"tp","opt":{"id":0}},"message":"graphQlEndpoint","args":[]}
{"timestamp":1622111520078,"level":"trace","context":{"name":"tp","opt":{"id":0}},"message":"url %s","args":["2021-05-27T10:32:00.078Z"]}
{"timestamp":1622111520078,"level":"trace","context":{"name":"tp","opt":{"id":0}},"message":"Last fetch %s","args":["2021-05-27T10:31:46.887Z"]}
{"timestamp":1622111520078,"level":"trace","context":{"name":"tp","opt":{"id":0}},"message":"cooldown fail=%s","args":[0]}
{"timestamp":1622111520078,"level":"trace","context":{"name":"tp","opt":{"id":0}},"message":"cooldown result=%s","args":["01m00.000s"]}
{"timestamp":1622111520078,"level":"trace","context":{"name":"tp","opt":{"id":0}},"message":"Age %s","args":["13.191s"]}
{"timestamp":1622111520078,"level":"trace","context":{"name":"tp","opt":{"id":0}},"message":"URL [cached] %s","args":["https://jumpnet.cloud.enjin.io"]}
{"timestamp":1622111520332,"level":"trace","context":{"name":"identity","opt":{"id":63,"appId":63}},"message":"loop","args":[]}
{"timestamp":1622111520478,"level":"trace","context":{"name":"identity","opt":{"id":63,"appId":63}},"message":"Pusher event: %s","args":["pusher:subscription_succeeded",{}]}
{"timestamp":1622112422360,"level":"trace","context":{"name":"identity","opt":{"id":63,"appId":63}},"message":"signPendingTransactions","args":[]}
{"timestamp":1622112422360,"level":"trace","context":{"name":"identity","opt":{"id":63,"appId":63}},"message":"pendingTransactions","args":[]}
{"timestamp":1622112422360,"level":"trace","context":{"name":"tp","opt":{"id":0}},"message":"getPendingTransactions","args":[]}
{"timestamp":1622112422360,"level":"trace","context":{"name":"tp","opt":{"id":0}},"message":"graphQl","args":[]}
{"timestamp":1622112422360,"level":"trace","context":{"name":"tp","opt":{"id":0}},"message":"graphQlEndpoint","args":[]}
{"timestamp":1622112422360,"level":"trace","context":{"name":"tp","opt":{"id":0}},"message":"url %s","args":["2021-05-27T10:47:02.360Z"]}
{"timestamp":1622112422360,"level":"trace","context":{"name":"tp","opt":{"id":0}},"message":"Last fetch %s","args":["2021-05-27T10:31:46.887Z"]}
{"timestamp":1622112422360,"level":"trace","context":{"name":"tp","opt":{"id":0}},"message":"cooldown fail=%s","args":[0]}
{"timestamp":1622112422360,"level":"trace","context":{"name":"tp","opt":{"id":0}},"message":"cooldown result=%s","args":["01m00.000s"]}
{"timestamp":1622112422360,"level":"trace","context":{"name":"tp","opt":{"id":0}},"message":"Age %s","args":["15m15.473s"]}
{"timestamp":1622112422362,"level":"debug","context":{"name":"enjinx"},"message":"Querying EnjinX for TP URL","args":[]}
{"timestamp":1622112422582,"level":"debug","context":{"name":"enjinx"},"message":"TP %s URL: %s","args":[0,"https://jumpnet.cloud.enjin.io"]}
{"timestamp":1622112422582,"level":"trace","context":{"name":"storage"},"message":"save","args":[]}
{"timestamp":1622112422582,"level":"trace","context":{"name":"storage"},"message":"storagePath","args":[]}
{"timestamp":1622112422582,"level":"info","context":{"name":"storage"},"message":"Saving storage to:","args":["/home/ubuntu/enjin-wallet-daemon/storage.json"]}
{"timestamp":1622112422892,"level":"trace","context":{"name":"identity","opt":{"id":63,"appId":63}},"message":"loop","args":[]}
{"timestamp":1622113324907,"level":"trace","context":{"name":"identity","opt":{"id":63,"appId":63}},"message":"signPendingTransactions","args":[]}
{"timestamp":1622113324907,"level":"trace","context":{"name":"identity","opt":{"id":63,"appId":63}},"message":"pendingTransactions","args":[]}
{"timestamp":1622113324907,"level":"trace","context":{"name":"tp","opt":{"id":0}},"message":"getPendingTransactions","args":[]}
{"timestamp":1622113324907,"level":"trace","context":{"name":"tp","opt":{"id":0}},"message":"graphQl","args":[]}
{"timestamp":1622113324907,"level":"trace","context":{"name":"tp","opt":{"id":0}},"message":"graphQlEndpoint","args":[]}
{"timestamp":1622113324907,"level":"trace","context":{"name":"tp","opt":{"id":0}},"message":"url %s","args":["2021-05-27T11:02:04.907Z"]}
{"timestamp":1622113324907,"level":"trace","context":{"name":"tp","opt":{"id":0}},"message":"Last fetch %s","args":["2021-05-27T10:47:02.582Z"]}
{"timestamp":1622113324907,"level":"trace","context":{"name":"tp","opt":{"id":0}},"message":"cooldown fail=%s","args":[0]}
{"timestamp":1622113324907,"level":"trace","context":{"name":"tp","opt":{"id":0}},"message":"cooldown result=%s","args":["01m00.000s"]}
{"timestamp":1622113324907,"level":"trace","context":{"name":"tp","opt":{"id":0}},"message":"Age %s","args":["15m02.325s"]}
{"timestamp":1622113324908,"level":"debug","context":{"name":"enjinx"},"message":"Querying EnjinX for TP URL","args":[]}
{"timestamp":1622113325165,"level":"debug","context":{"name":"enjinx"},"message":"TP %s URL: %s","args":[0,"https://jumpnet.cloud.enjin.io"]}
{"timestamp":1622113325165,"level":"trace","context":{"name":"storage"},"message":"save","args":[]}
{"timestamp":1622113325165,"level":"trace","context":{"name":"storage"},"message":"storagePath","args":[]}
{"timestamp":1622113325165,"level":"info","context":{"name":"storage"},"message":"Saving storage to:","args":["/home/ubuntu/enjin-wallet-daemon/storage.json"]}
{"timestamp":1622113325814,"level":"trace","context":{"name":"identity","opt":{"id":63,"appId":63}},"message":"loop","args":[]}
