{"timestamp":1623136875515,"level":"info","context":{"name":""},"message":"Reading config file:","args":["/home/ubuntu/tipplyDaemon/Tipply-Jumpnet-Daemon/config.json"]}
{"timestamp":1623136875516,"level":"info","context":{"name":""},"message":"Reading backup config file:","args":["/home/ubuntu/tipplyDaemon/Tipply-Jumpnet-Daemon/example-config.json"]}
{"timestamp":1623136875517,"level":"trace","context":{"name":"storage"},"message":"created","args":[]}
{"timestamp":1623136875517,"level":"trace","context":{"name":"wallet"},"message":"created","args":[]}
{"timestamp":1623136875517,"level":"trace","context":{"name":"enjinx"},"message":"created","args":[]}
{"timestamp":1623136875517,"level":"trace","context":{"name":"storage"},"message":"init","args":[]}
{"timestamp":1623136875520,"level":"info","context":{"name":""},"message":"Enjin Wallet Daemon","args":["1.1.3-beta"]}
{"timestamp":1623136875521,"level":"trace","context":{"name":"storage"},"message":"create","args":[]}
{"timestamp":1623136875521,"level":"trace","context":{"name":"storage"},"message":"storagePath","args":[]}
{"timestamp":1623136875521,"level":"trace","context":{"name":"storage"},"message":"save","args":[]}
{"timestamp":1623136875521,"level":"trace","context":{"name":"storage"},"message":"storagePath","args":[]}
{"timestamp":1623136875521,"level":"info","context":{"name":"storage"},"message":"Saving storage to:","args":["/home/ubuntu/enjin-wallet-daemon/storage.json"]}
{"timestamp":1623136875524,"level":"trace","context":{"name":"storage"},"message":"load","args":[]}
{"timestamp":1623136875524,"level":"trace","context":{"name":"storage"},"message":"storagePath","args":[]}
{"timestamp":1623136875524,"level":"trace","context":{"name":"storage"},"message":"readEncrypted_v3","args":[]}
{"timestamp":1623136875524,"level":"trace","context":{"name":"storage"},"message":"decrypt","args":[]}
{"timestamp":1623136875524,"level":"trace","context":{"name":"wallet"},"message":"load","args":[]}
{"timestamp":1623136875524,"level":"trace","context":{"name":"storage"},"message":"save","args":[]}
{"timestamp":1623136875524,"level":"trace","context":{"name":"storage"},"message":"storagePath","args":[]}
{"timestamp":1623136875524,"level":"info","context":{"name":"storage"},"message":"Saving storage to:","args":["/home/ubuntu/enjin-wallet-daemon/storage.json"]}
{"timestamp":1623136875525,"level":"info","context":{"name":"wallet"},"message":"Importing private key...","args":[]}
{"timestamp":1623136882949,"level":"info","context":{"name":"account","opt":{"address":"0x5C9e3820Bd24C95b2E48F694475dBce2C59175E0"}},"message":"created","args":[]}
{"timestamp":1623136882949,"level":"trace","context":{"name":"account","opt":{"address":"0x5C9e3820Bd24C95b2E48F694475dBce2C59175E0"}},"message":"init","args":[]}
{"timestamp":1623136882950,"level":"debug","context":{"name":"enjinx"},"message":"Querying EnjinX for Nonce","args":[]}
{"timestamp":1623136883244,"level":"debug","context":{"name":"enjinx"},"message":"Nonce %s","args":[45]}
{"timestamp":1623136883244,"level":"info","context":{"name":"account","opt":{"address":"0x5C9e3820Bd24C95b2E48F694475dBce2C59175E0"}},"message":"nonce %s","args":[45]}
{"timestamp":1623136883244,"level":"trace","context":{"name":"storage"},"message":"save","args":[]}
{"timestamp":1623136883244,"level":"trace","context":{"name":"storage"},"message":"storagePath","args":[]}
{"timestamp":1623136883244,"level":"info","context":{"name":"storage"},"message":"Saving storage to:","args":["/home/ubuntu/enjin-wallet-daemon/storage.json"]}
